<?xml version="1.0" encoding="UTF-8"?>
<testsuite name="ReduceTest" tests="6" skipped="0" failures="0" errors="0" timestamp="2017-07-13T21:41:05" hostname="localadmins-iMac.local" time="0.005">
  <properties/>
  <testcase name="JoinSHouldReturnAStringContainingMultipleStringDeliminatedByParamter" classname="ReduceTest" time="0.004"/>
  <testcase name="JoinshouldReturnAnEmptyStringIfListIsEmpty" classname="ReduceTest" time="0.0"/>
  <testcase name="JoinShouldThrowExceptionIfNull" classname="ReduceTest" time="0.0"/>
  <testcase name="wordCountsShouldThrowExceptionIfNull" classname="ReduceTest" time="0.0"/>
  <testcase name="JoinShouldReturnTheStringContainedInIndex0OfArray" classname="ReduceTest" time="0.0"/>
  <testcase name="JoinShouldReturnAStringContainingMultipleStringDeliminatedBySpace" classname="ReduceTest" time="0.0"/>
  <system-out><![CDATA[]]></system-out>
  <system-err><![CDATA[]]></system-err>
</testsuite>
