<?xml version="1.0" encoding="UTF-8"?>
<testsuite name="FilterTest" tests="5" skipped="0" failures="0" errors="0" timestamp="2017-07-13T16:53:12" hostname="localadmins-iMac.local" time="0.007">
  <properties/>
  <testcase name="NoSwiftFoxReturnsSameListWhenAllParametersAreNotASwiftFox" classname="FilterTest" time="0.006"/>
  <testcase name="SlowFoxesReturnEmptyListWhenPassedEmptyList" classname="FilterTest" time="0.0"/>
  <testcase name="NoSwiftFoxReturnsAListWithNoSwiftFoxWhenSwiftFoxIncluded" classname="FilterTest" time="0.0"/>
  <testcase name="SlowFoxesThrowsExceptionWhenPassedNull" classname="FilterTest" time="0.0"/>
  <testcase name="AdultsThrowsExceptionWhenPassedNull" classname="FilterTest" time="0.0"/>
  <system-out><![CDATA[]]></system-out>
  <system-err><![CDATA[]]></system-err>
</testsuite>
