<?xml version="1.0" encoding="UTF-8"?>
<testsuite name="MapTest" tests="11" skipped="0" failures="0" errors="0" timestamp="2017-07-13T19:54:14" hostname="localadmins-iMac.local" time="0.009">
  <properties/>
  <testcase name="PluckReturnAnArrayListBasedOnThePropertiesCalledForOneItem" classname="MapTest" time="0.007"/>
  <testcase name="PluckReturnsEmptyWhenGivenAnEmptyListWithAnyProperty" classname="MapTest" time="0.0"/>
  <testcase name="evenOrOddReturnsListWithSingleItemOdd" classname="MapTest" time="0.001"/>
  <testcase name="PluckThrowsIllegalArguementIfPropertyIsNull" classname="MapTest" time="0.0"/>
  <testcase name="PluckRetursnanArryListOfAllItemsWithSelectedProperty" classname="MapTest" time="0.0"/>
  <testcase name="evenOrOddThrowsExceptionWhenNULL" classname="MapTest" time="0.0"/>
  <testcase name="PluckThrowsExceptionWhenListIsNull" classname="MapTest" time="0.0"/>
  <testcase name="PluckThrowExceptionIfPropertyIsEmptyWithLegaList" classname="MapTest" time="0.0"/>
  <testcase name="evenOrOddReturnsListWithMultipleItemsThatAreEvenOrOdd" classname="MapTest" time="0.0"/>
  <testcase name="evenOrOddReturnsEmptyListWhenInputListIsEmpty" classname="MapTest" time="0.0"/>
  <testcase name="evenOrOddReturnsListWithSingleItemEven" classname="MapTest" time="0.0"/>
  <system-out><![CDATA[]]></system-out>
  <system-err><![CDATA[]]></system-err>
</testsuite>
